{"uid":"49249ce407eac3de","name":"Проверка регистрации с использованием несовпадающих паролей","fullName":"tests.ui_tests.register.test_register.TestRegister#test_registration_with_non_matching_passwords","historyId":"72f8e70e4becdc2b5a7992db29a7d341","time":{"start":1761071948708,"stop":1761071964110,"duration":15402},"status":"failed","statusMessage":"AssertionError: Locator expected to have text 'Passwords do not match.'\nActual value: \n\t\t\n\t\t        Invalid username. Usernames can only contain lowercase letters, numbers, and single hyphens, must be between 3 and 39 characters, and cannot start or end with a hyphen.\n\t\t        \n\t\t       \nCall log:\n  - Expect \"to_have_text\" with timeout 5000ms\n  - waiting for locator(\"//div[@role=\\\"alert\\\"]\")\n    9 × locator resolved to <div id=\"flash\" role=\"alert\" class=\"alert alert-danger alert-dismissible fade show\">…</div>\n      - unexpected value \"\n\t\t\n\t\t        Invalid username. Usernames can only contain lowercase letters, numbers, and single hyphens, must be between 3 and 39 characters, and cannot start or end with a hyphen.\n\t\t        \n\t\t      \"","statusTrace":"self = <test_register.TestRegister object at 0x7fac3a12a450>\nclear_context_before_test = None\npage = <Page url='https://practice.expandtesting.com/register'>\n\n    @allure.title('Проверка регистрации с использованием несовпадающих паролей')\n    def test_registration_with_non_matching_passwords(self, clear_context_before_test, page):\n        user_name = fakers.fake_username()\n        password_1 = fakers.fake_password()\n        password_2 = fakers.fake_password()\n        register_page = RegisterPage(page)\n        assertions = BaseAssertions(page)\n        with allure.step(\"Переход на страницу регистрации\"):\n            register_page.open(f\"{base_settings.base_url}{APIRoutes.register}\")\n        with allure.step(\"Ввод логина\"):\n            register_page.input_username(user_name)\n        with allure.step(\"Ввод пароля\"):\n            register_page.input_password(password_1)\n        with allure.step(\"Ввод пароля повторно\"):\n            register_page.input_confirm_password(password_2)\n        with allure.step(\"Нажатие кнопки создать\"):\n            register_page.click_confirm_button()\n        with allure.step(\"Проверка url\"):\n            assertions.check_url(f\"{base_settings.base_url}{APIRoutes.register}\")\n        with allure.step(\"Проверка сообщения\"):\n>           assertions.have_text(message_loc, \"Passwords do not match.\")\n\ntests/ui_tests/register/test_register.py:94: \n_ _ _ _ _ _ _ _ _ _ _ _ _ _ _ _ _ _ _ _ _ _ _ _ _ _ _ _ _ _ _ _ _ _ _ _ _ _ _ _ \n\nself = <tools.assertions.ui_assertions.base.BaseAssertions object at 0x7fac3a67d790>\nlocator = <Locator frame=<Frame name= url='https://practice.expandtesting.com/register'> selector='//div[@role=\"alert\"]'>\ntext = 'Passwords do not match.'\n\n    def have_text(self, locator, text: str):\n        locator = self.page.locator(locator)\n>       expect(locator).to_have_text(text)\nE       AssertionError: Locator expected to have text 'Passwords do not match.'\nE       Actual value: \nE       \t\t\nE       \t\t        Invalid username. Usernames can only contain lowercase letters, numbers, and single hyphens, must be between 3 and 39 characters, and cannot start or end with a hyphen.\nE       \t\t        \nE       \t\t       \nE       Call log:\nE         - Expect \"to_have_text\" with timeout 5000ms\nE         - waiting for locator(\"//div[@role=\\\"alert\\\"]\")\nE           9 × locator resolved to <div id=\"flash\" role=\"alert\" class=\"alert alert-danger alert-dismissible fade show\">…</div>\nE             - unexpected value \"\nE       \t\t\nE       \t\t        Invalid username. Usernames can only contain lowercase letters, numbers, and single hyphens, must be between 3 and 39 characters, and cannot start or end with a hyphen.\nE       \t\t        \nE       \t\t      \"\n\ntools/assertions/ui_assertions/base.py:24: AssertionError","flaky":false,"newFailed":true,"newBroken":false,"newPassed":false,"retriesCount":0,"retriesStatusChange":false,"beforeStages":[{"name":"_verify_url","time":{"start":1761071881235,"stop":1761071881235,"duration":0},"status":"passed","steps":[],"attachments":[],"parameters":[],"shouldDisplayMessage":false,"stepsCount":0,"attachmentsCount":0,"hasContent":false,"attachmentStep":false},{"name":"base_url","time":{"start":1761071881235,"stop":1761071881235,"duration":0},"status":"passed","steps":[],"attachments":[],"parameters":[],"shouldDisplayMessage":false,"stepsCount":0,"attachmentsCount":0,"hasContent":false,"attachmentStep":false},{"name":"_session_faker","time":{"start":1761071881236,"stop":1761071881291,"duration":55},"status":"passed","steps":[],"attachments":[],"parameters":[],"shouldDisplayMessage":false,"stepsCount":0,"attachmentsCount":0,"hasContent":false,"attachmentStep":false},{"name":"pytestconfig","time":{"start":1761071881291,"stop":1761071881291,"duration":0},"status":"passed","steps":[],"attachments":[],"parameters":[],"shouldDisplayMessage":false,"stepsCount":0,"attachmentsCount":0,"hasContent":false,"attachmentStep":false},{"name":"browser_type_launch_args","time":{"start":1761071881292,"stop":1761071881292,"duration":0},"status":"passed","steps":[],"attachments":[],"parameters":[],"shouldDisplayMessage":false,"stepsCount":0,"attachmentsCount":0,"hasContent":false,"attachmentStep":false},{"name":"delete_output_dir","time":{"start":1761071881292,"stop":1761071881292,"duration":0},"status":"passed","steps":[],"attachments":[],"parameters":[],"shouldDisplayMessage":false,"stepsCount":0,"attachmentsCount":0,"hasContent":false,"attachmentStep":false},{"name":"playwright","time":{"start":1761071881292,"stop":1761071881584,"duration":292},"status":"passed","steps":[],"attachments":[],"parameters":[],"shouldDisplayMessage":false,"stepsCount":0,"attachmentsCount":0,"hasContent":false,"attachmentStep":false},{"name":"browser_type","time":{"start":1761071881584,"stop":1761071881584,"duration":0},"status":"passed","steps":[],"attachments":[],"parameters":[],"shouldDisplayMessage":false,"stepsCount":0,"attachmentsCount":0,"hasContent":false,"attachmentStep":false},{"name":"launch_browser","time":{"start":1761071881584,"stop":1761071881584,"duration":0},"status":"passed","steps":[],"attachments":[],"parameters":[],"shouldDisplayMessage":false,"stepsCount":0,"attachmentsCount":0,"hasContent":false,"attachmentStep":false},{"name":"browser","time":{"start":1761071881584,"stop":1761071882638,"duration":1054},"status":"passed","steps":[],"attachments":[],"parameters":[],"shouldDisplayMessage":false,"stepsCount":0,"attachmentsCount":0,"hasContent":false,"attachmentStep":false},{"name":"browser_context_args","time":{"start":1761071882638,"stop":1761071882638,"duration":0},"status":"passed","steps":[],"attachments":[],"parameters":[],"shouldDisplayMessage":false,"stepsCount":0,"attachmentsCount":0,"hasContent":false,"attachmentStep":false},{"name":"device","time":{"start":1761071882638,"stop":1761071882638,"duration":0},"status":"passed","steps":[],"attachments":[],"parameters":[],"shouldDisplayMessage":false,"stepsCount":0,"attachmentsCount":0,"hasContent":false,"attachmentStep":false},{"name":"context","time":{"start":1761071882638,"stop":1761071882648,"duration":10},"status":"passed","steps":[],"attachments":[],"parameters":[],"shouldDisplayMessage":false,"stepsCount":0,"attachmentsCount":0,"hasContent":false,"attachmentStep":false},{"name":"browser_context_args","time":{"start":1761071882638,"stop":1761071882638,"duration":0},"status":"passed","steps":[],"attachments":[],"parameters":[],"shouldDisplayMessage":false,"stepsCount":0,"attachmentsCount":0,"hasContent":false,"attachmentStep":false},{"name":"page","time":{"start":1761071882648,"stop":1761071882682,"duration":34},"status":"passed","steps":[],"attachments":[],"parameters":[],"shouldDisplayMessage":false,"stepsCount":0,"attachmentsCount":0,"hasContent":false,"attachmentStep":false},{"name":"clear_context_before_test","time":{"start":1761071948705,"stop":1761071948707,"duration":2},"status":"passed","steps":[],"attachments":[],"parameters":[],"shouldDisplayMessage":false,"stepsCount":0,"attachmentsCount":0,"hasContent":false,"attachmentStep":false}],"testStage":{"status":"failed","statusMessage":"AssertionError: Locator expected to have text 'Passwords do not match.'\nActual value: \n\t\t\n\t\t        Invalid username. Usernames can only contain lowercase letters, numbers, and single hyphens, must be between 3 and 39 characters, and cannot start or end with a hyphen.\n\t\t        \n\t\t       \nCall log:\n  - Expect \"to_have_text\" with timeout 5000ms\n  - waiting for locator(\"//div[@role=\\\"alert\\\"]\")\n    9 × locator resolved to <div id=\"flash\" role=\"alert\" class=\"alert alert-danger alert-dismissible fade show\">…</div>\n      - unexpected value \"\n\t\t\n\t\t        Invalid username. Usernames can only contain lowercase letters, numbers, and single hyphens, must be between 3 and 39 characters, and cannot start or end with a hyphen.\n\t\t        \n\t\t      \"","statusTrace":"self = <test_register.TestRegister object at 0x7fac3a12a450>\nclear_context_before_test = None\npage = <Page url='https://practice.expandtesting.com/register'>\n\n    @allure.title('Проверка регистрации с использованием несовпадающих паролей')\n    def test_registration_with_non_matching_passwords(self, clear_context_before_test, page):\n        user_name = fakers.fake_username()\n        password_1 = fakers.fake_password()\n        password_2 = fakers.fake_password()\n        register_page = RegisterPage(page)\n        assertions = BaseAssertions(page)\n        with allure.step(\"Переход на страницу регистрации\"):\n            register_page.open(f\"{base_settings.base_url}{APIRoutes.register}\")\n        with allure.step(\"Ввод логина\"):\n            register_page.input_username(user_name)\n        with allure.step(\"Ввод пароля\"):\n            register_page.input_password(password_1)\n        with allure.step(\"Ввод пароля повторно\"):\n            register_page.input_confirm_password(password_2)\n        with allure.step(\"Нажатие кнопки создать\"):\n            register_page.click_confirm_button()\n        with allure.step(\"Проверка url\"):\n            assertions.check_url(f\"{base_settings.base_url}{APIRoutes.register}\")\n        with allure.step(\"Проверка сообщения\"):\n>           assertions.have_text(message_loc, \"Passwords do not match.\")\n\ntests/ui_tests/register/test_register.py:94: \n_ _ _ _ _ _ _ _ _ _ _ _ _ _ _ _ _ _ _ _ _ _ _ _ _ _ _ _ _ _ _ _ _ _ _ _ _ _ _ _ \n\nself = <tools.assertions.ui_assertions.base.BaseAssertions object at 0x7fac3a67d790>\nlocator = <Locator frame=<Frame name= url='https://practice.expandtesting.com/register'> selector='//div[@role=\"alert\"]'>\ntext = 'Passwords do not match.'\n\n    def have_text(self, locator, text: str):\n        locator = self.page.locator(locator)\n>       expect(locator).to_have_text(text)\nE       AssertionError: Locator expected to have text 'Passwords do not match.'\nE       Actual value: \nE       \t\t\nE       \t\t        Invalid username. Usernames can only contain lowercase letters, numbers, and single hyphens, must be between 3 and 39 characters, and cannot start or end with a hyphen.\nE       \t\t        \nE       \t\t       \nE       Call log:\nE         - Expect \"to_have_text\" with timeout 5000ms\nE         - waiting for locator(\"//div[@role=\\\"alert\\\"]\")\nE           9 × locator resolved to <div id=\"flash\" role=\"alert\" class=\"alert alert-danger alert-dismissible fade show\">…</div>\nE             - unexpected value \"\nE       \t\t\nE       \t\t        Invalid username. Usernames can only contain lowercase letters, numbers, and single hyphens, must be between 3 and 39 characters, and cannot start or end with a hyphen.\nE       \t\t        \nE       \t\t      \"\n\ntools/assertions/ui_assertions/base.py:24: AssertionError","steps":[{"name":"Переход на страницу регистрации","time":{"start":1761071948708,"stop":1761071950913,"duration":2205},"status":"passed","steps":[],"attachments":[],"parameters":[],"shouldDisplayMessage":false,"stepsCount":0,"attachmentsCount":0,"hasContent":false,"attachmentStep":false},{"name":"Ввод логина","time":{"start":1761071950913,"stop":1761071952929,"duration":2016},"status":"passed","steps":[],"attachments":[],"parameters":[],"shouldDisplayMessage":false,"stepsCount":0,"attachmentsCount":0,"hasContent":false,"attachmentStep":false},{"name":"Ввод пароля","time":{"start":1761071952929,"stop":1761071954938,"duration":2009},"status":"passed","steps":[],"attachments":[],"parameters":[],"shouldDisplayMessage":false,"stepsCount":0,"attachmentsCount":0,"hasContent":false,"attachmentStep":false},{"name":"Ввод пароля повторно","time":{"start":1761071954938,"stop":1761071956944,"duration":2006},"status":"passed","steps":[],"attachments":[],"parameters":[],"shouldDisplayMessage":false,"stepsCount":0,"attachmentsCount":0,"hasContent":false,"attachmentStep":false},{"name":"Нажатие кнопки создать","time":{"start":1761071956944,"stop":1761071959093,"duration":2149},"status":"passed","steps":[],"attachments":[],"parameters":[],"shouldDisplayMessage":false,"stepsCount":0,"attachmentsCount":0,"hasContent":false,"attachmentStep":false},{"name":"Проверка url","time":{"start":1761071959093,"stop":1761071959106,"duration":13},"status":"passed","steps":[],"attachments":[],"parameters":[],"shouldDisplayMessage":false,"stepsCount":0,"attachmentsCount":0,"hasContent":false,"attachmentStep":false},{"name":"Проверка сообщения","time":{"start":1761071959106,"stop":1761071964109,"duration":5003},"status":"failed","statusMessage":"AssertionError: Locator expected to have text 'Passwords do not match.'\nActual value: \n\t\t\n\t\t        Invalid username. Usernames can only contain lowercase letters, numbers, and single hyphens, must be between 3 and 39 characters, and cannot start or end with a hyphen.\n\t\t        \n\t\t       \nCall log:\n  - Expect \"to_have_text\" with timeout 5000ms\n  - waiting for locator(\"//div[@role=\\\"alert\\\"]\")\n    9 × locator resolved to <div id=\"flash\" role=\"alert\" class=\"alert alert-danger alert-dismissible fade show\">…</div>\n      - unexpected value \"\n\t\t\n\t\t        Invalid username. Usernames can only contain lowercase letters, numbers, and single hyphens, must be between 3 and 39 characters, and cannot start or end with a hyphen.\n\t\t        \n\t\t      \"\n\n","statusTrace":"  File \"/home/runner/work/PetProject/PetProject/tests/ui_tests/register/test_register.py\", line 94, in test_registration_with_non_matching_passwords\n    assertions.have_text(message_loc, \"Passwords do not match.\")\n  File \"/home/runner/work/PetProject/PetProject/tools/assertions/ui_assertions/base.py\", line 24, in have_text\n    expect(locator).to_have_text(text)\n  File \"/opt/hostedtoolcache/Python/3.12.11/x64/lib/python3.12/site-packages/playwright/sync_api/_generated.py\", line 19981, in to_have_text\n    self._sync(\n  File \"/opt/hostedtoolcache/Python/3.12.11/x64/lib/python3.12/site-packages/playwright/_impl/_sync_base.py\", line 115, in _sync\n    return task.result()\n           ^^^^^^^^^^^^^\n  File \"/opt/hostedtoolcache/Python/3.12.11/x64/lib/python3.12/site-packages/playwright/_impl/_assertions.py\", line 559, in to_have_text\n    await self._expect_impl(\n  File \"/opt/hostedtoolcache/Python/3.12.11/x64/lib/python3.12/site-packages/playwright/_impl/_assertions.py\", line 83, in _expect_impl\n    raise AssertionError(\n","steps":[],"attachments":[],"parameters":[],"shouldDisplayMessage":true,"stepsCount":0,"attachmentsCount":0,"hasContent":true,"attachmentStep":false}],"attachments":[],"parameters":[],"shouldDisplayMessage":true,"stepsCount":7,"attachmentsCount":0,"hasContent":true,"attachmentStep":false},"afterStages":[{"name":"page::0","time":{"start":1761071964147,"stop":1761071964147,"duration":0},"status":"passed","steps":[],"attachments":[],"parameters":[],"shouldDisplayMessage":false,"stepsCount":0,"attachmentsCount":0,"hasContent":false,"attachmentStep":false},{"name":"context::0","time":{"start":1761071964148,"stop":1761071964159,"duration":11},"status":"passed","steps":[],"attachments":[],"parameters":[],"shouldDisplayMessage":false,"stepsCount":0,"attachmentsCount":0,"hasContent":false,"attachmentStep":false},{"name":"browser::0","time":{"start":1761071964160,"stop":1761071964186,"duration":26},"status":"passed","steps":[],"attachments":[],"parameters":[],"shouldDisplayMessage":false,"stepsCount":0,"attachmentsCount":0,"hasContent":false,"attachmentStep":false},{"name":"playwright::0","time":{"start":1761071964187,"stop":1761071964194,"duration":7},"status":"passed","steps":[],"attachments":[],"parameters":[],"shouldDisplayMessage":false,"stepsCount":0,"attachmentsCount":0,"hasContent":false,"attachmentStep":false}],"labels":[{"name":"feature","value":"Тесты на регистрацию"},{"name":"parentSuite","value":"UI tests"},{"name":"epic","value":"UI tests"},{"name":"suite","value":"test_register"},{"name":"subSuite","value":"TestRegister"},{"name":"host","value":"runnervmwhb2z"},{"name":"thread","value":"6148-MainThread"},{"name":"framework","value":"pytest"},{"name":"language","value":"cpython3"},{"name":"package","value":"tests.ui_tests.register.test_register"},{"name":"resultFormat","value":"allure2"}],"parameters":[{"name":"browser_name","value":"'chromium'"}],"links":[],"hidden":false,"retry":false,"extra":{"severity":"normal","retries":[],"categories":[{"name":"Product defects","matchedStatuses":[],"flaky":false}],"history":{"statistic":{"failed":1,"broken":4,"skipped":0,"passed":4,"unknown":0,"total":9},"items":[{"uid":"bea4bd7012ee4d01","reportUrl":"https://MikhailLuginin.github.io/PetProject/27//#testresult/bea4bd7012ee4d01","status":"passed","time":{"start":1760072722401,"stop":1760072732796,"duration":10395}},{"uid":"60a7db773a8d1e54","reportUrl":"https://MikhailLuginin.github.io/PetProject/25//#testresult/60a7db773a8d1e54","status":"passed","time":{"start":1759918721647,"stop":1759918732058,"duration":10411}},{"uid":"b0643396811c9fde","reportUrl":"https://MikhailLuginin.github.io/PetProject/24//#testresult/b0643396811c9fde","status":"broken","statusDetails":"playwright._impl._errors.Error: Locator.fill: Error: Element is not an <input>, <textarea>, <select> or [contenteditable] and does not have a role allowing [aria-readonly]\nCall log:\n  - waiting for locator(\"#username\")\n    - locator resolved to <h3 id=\"username\">↵      Hi, practice!↵    </h3>\n    - fill(\"agap12\")\n  - attempting fill action\n    - waiting for element to be visible, enabled and editable","time":{"start":1759810930770,"stop":1759810935065,"duration":4295}},{"uid":"6082ce7c1a6bf127","reportUrl":"https://MikhailLuginin.github.io/PetProject/23//#testresult/6082ce7c1a6bf127","status":"broken","statusDetails":"playwright._impl._errors.Error: Locator.fill: Error: Element is not an <input>, <textarea>, <select> or [contenteditable] and does not have a role allowing [aria-readonly]\nCall log:\n  - waiting for locator(\"#username\")\n    - locator resolved to <h3 id=\"username\">↵      Hi, practice!↵    </h3>\n    - fill(\"kuzma_77\")\n  - attempting fill action\n    - waiting for element to be visible, enabled and editable","time":{"start":1759810627823,"stop":1759810628024,"duration":201}},{"uid":"ebda2ba6a2ad4474","reportUrl":"https://MikhailLuginin.github.io/PetProject/22//#testresult/ebda2ba6a2ad4474","status":"passed","time":{"start":1759780126615,"stop":1759780136966,"duration":10351}},{"uid":"7b250e6abcf1393d","reportUrl":"https://MikhailLuginin.github.io/PetProject/21//#testresult/7b250e6abcf1393d","status":"passed","time":{"start":1759779880808,"stop":1759779892090,"duration":11282}},{"uid":"93f83571a0f688f4","reportUrl":"https://MikhailLuginin.github.io/PetProject/20//#testresult/93f83571a0f688f4","status":"broken","statusDetails":"playwright._impl._errors.Error: Locator.fill: Error: Element is not an <input>, <textarea>, <select> or [contenteditable] and does not have a role allowing [aria-readonly]\nCall log:\n  - waiting for locator(\"#username\")\n    - locator resolved to <h3 id=\"username\">↵      Hi, practice!↵    </h3>\n    - fill(\"loginovavgust\")\n  - attempting fill action\n    - waiting for element to be visible, enabled and editable","time":{"start":1759762698345,"stop":1759762698609,"duration":264}},{"uid":"43fead3c1d9b1bbd","reportUrl":"https://MikhailLuginin.github.io/PetProject/19//#testresult/43fead3c1d9b1bbd","status":"broken","statusDetails":"playwright._impl._errors.Error: Locator.fill: Error: Element is not an <input>, <textarea>, <select> or [contenteditable] and does not have a role allowing [aria-readonly]\nCall log:\n  - waiting for locator(\"#username\")\n    - locator resolved to <h3 id=\"username\">↵      Hi, practice!↵    </h3>\n    - fill(\"orest77\")\n  - attempting fill action\n    - waiting for element to be visible, enabled and editable","time":{"start":1759761556810,"stop":1759761557088,"duration":278}}]},"tags":[]},"source":"49249ce407eac3de.json","parameterValues":["'chromium'"]}